# full-population std = 2090 yen (from theoretical_w.py)

strategy       fold    p_hit%   ret%  bets obs_lo%  eff_std std/pop req_n(eff) req_n(pop)
-----------------------------------------------------------------------------------------
dm_rank_1_3    2025H1    18.6   82.8   377    55.1      493    0.24        269       3009
dm_rank_1_3    2025H2    17.7   75.2   451    54.3      376    0.18        311       4837
dm_rank_1_3    2026P     16.1   76.5   372    53.4      363    0.17        283       4014

tm_rank_1_3    2025H1    23.0   88.3   382    67.3      278    0.13        115       2700
tm_rank_1_3    2025H2    19.7   74.1   437    57.8      200    0.10        200       5840
tm_rank_1_3    2026P     17.2   68.2   355    51.0      170    0.08        318       8974

all            2025H1     7.9   74.9  1740    49.6     1686    0.81       1797       2544
all            2025H2     8.6   91.0  1728    59.8     2017    0.97       1001       1060
all            2026P      7.5   52.1  1380    37.2      785    0.38      69473     314546

kelly_ge_05    2025H1     9.6   69.5   731    42.8      969    0.46       1371       4697
kelly_ge_05    2025H2     8.5   69.1   702    43.4      903    0.43       1271       4452
kelly_ge_05    2026P      6.5   40.5   525    24.7      402    0.19    unreach    unreach

ev_ge_105      2025H1     9.1   73.1   845    47.6      993    0.47       1030       3246
ev_ge_105      2025H2     8.7   75.0   835    45.6     1217    0.58       1155       2699
ev_ge_105      2026P      6.5   58.9   674    32.9     1028    0.49       5753      16191

# (missing: wl_pop_1_2)
# (missing: wl_odds_8_20)
