=== monthly Brier (top-pick, n>=10 only) ===
yyyymm,n,hit_rate,p_mean,brier_pwin,brier_praw
202501,240,10.4,14.3,0.0996,0.1862
202502,300,8.7,15.7,0.0922,0.1657
202503,336,8.3,15.1,0.0914,0.1870
202504,264,6.1,14.5,0.0712,0.1794
202505,312,8.7,15.9,0.0906,0.1947
202506,288,5.6,15.0,0.0677,0.1706
202507,288,9.4,15.0,0.0963,0.1915
202508,360,6.9,14.7,0.0780,0.2093
202509,240,10.0,15.2,0.0952,0.1837
202510,264,8.7,16.0,0.0935,0.1968
202511,312,9.9,15.1,0.1004,0.1932
202512,264,6.4,13.2,0.0695,0.1875
202601,276,4.7,14.3,0.0601,0.1649
202602,324,7.1,15.9,0.0791,0.1873
202603,300,7.7,14.2,0.0807,0.1768
202604,264,10.6,23.4,0.1167,0.1004
202605,144,11.8,26.1,0.1250,0.1043

=== year-aggregate Brier comparison ===
year,n_months,n_picks,brier_pwin_mean,brier_pwin_std,brier_praw_mean
2025,12,3468,0.0871,0.0121,0.1871
2026,5,1308,0.0923,0.0274,0.1467

=== drift judgment (N1 rubric, p_win Brier) ===
2025 monthly Brier: mean=0.0871, std=0.0121
2026 monthly Brier: mean=0.0923
delta = 2026 - 2025 = +0.0052 (+0.43sigma)
verdict: drift 弱く棄却 (-1〜+1sigma)

=== reliability calibration (p_win bins) ===
bin_lo,bin_hi,n_25,obs_25,n_26,obs_26,gap_25,gap_26
0.0,0.1,1071,8.2,327,4.6,+0.9,-2.8
0.1,0.2,1671,8.1,562,6.2,-6.1,-8.2
0.2,0.3,488,8.4,244,12.3,-15.5,-12.1
0.3,0.4,197,9.6,118,12.7,-24.4,-21.4
0.4,0.5,33,3.0,37,18.9,-40.6,-24.6
0.5,0.6,7,0.0,14,14.3,-56.1,-40.8
0.6,0.7,1,0.0,6,0.0,-66.2,-65.0
