=== W: Oracle CI per fold (perfect predictor, 100-yen bet on actual winner) ===
fold,bets,return_rate,lo,hi
2025H1,1727,1032.2,940.6,1151.9
2025H2,1728,945.1,865.2,1025.0
2026P,1266,1103.1,971.7,1259.7
min_lo across folds: 865.2
verdict: BAR ACHIEVABLE (oracle's worst-fold lo >= 0.50)

=== Z'-light: Oracle CI per month (2025-01 to 2026-05) ===
month,bets,return_rate,lo,hi
202501,240,1042.2,803.7,1334.9
202502,288,1011.6,839.3,1238.9
202503,336,1099.0,851.9,1404.6
202504,264,1002.7,774.8,1380.0
202505,311,1078.5,897.2,1274.2
202506,288,943.5,773.5,1156.6
202507,288,999.0,838.2,1175.5
202508,360,793.3,677.5,933.4
202509,240,735.4,621.5,879.5
202510,264,1162.2,878.8,1510.4
202511,312,989.3,838.4,1184.4
202512,264,1014.7,818.1,1261.0
202601,276,1156.2,848.4,1567.4
202602,282,972.5,779.7,1192.3
202603,300,1182.1,892.0,1564.9
202604,264,1052.1,828.9,1318.1
202605,144,1185.7,818.1,1732.1

=== diagnosis hints ===
2025 monthly return_rate: avg=989.3%, range=[735.4%, 1162.2%]
2026 monthly return_rate: avg=1109.7%, n_months=5
  Ø 2026 months inside 2025 range? False
