# payout stats (2025-01 to 2026-05, JRA 1-10): mean=1019yen, std=2090yen, n=4721
# (CV = std/mean = 2.05 → payout 分布の natural spread)

=== Grid: theoretical CI lower bound (% of stake) ===
# 各セル = CI 下限 (%) at given (hit_rate, point return_rate) and n_bets
# 「現実的勝率 × point return_rate × bets で CI 下限 ≥ 50 が出るか」の地図

hit_rate,return_rate,n=200,n=355,n=525,n=1000,n=1266,n=2000
0.10,0.60,-35,-11,1,18,22,30
0.10,0.70,-26,-2,11,27,32,40
0.10,0.80,-17,7,20,36,41,49
0.10,0.90,-9,16,29,46,51,59
0.10,1.00,-1,25,38,55,60,68
0.10,1.10,8,33,47,64,69,78
0.10,1.20,16,42,56,73,79,87
0.15,0.60,-54,-25,-10,9,15,24
0.15,0.70,-45,-16,-1,19,24,34
0.15,0.80,-35,-6,9,28,34,44
0.15,0.90,-26,3,18,38,44,53
0.15,1.00,-17,12,28,48,54,63
0.15,1.10,-8,22,37,57,63,73
0.15,1.20,1,31,47,67,73,82
0.20,0.60,-71,-38,-21,2,8,19
0.20,0.70,-61,-28,-11,11,18,29
0.20,0.80,-51,-19,-1,21,28,38
0.20,0.90,-42,-9,9,31,38,48
0.20,1.00,-32,1,18,41,47,58
0.20,1.10,-23,10,28,50,57,68
0.20,1.20,-14,20,37,60,67,78
0.25,0.60,-86,-49,-30,-5,2,14
0.25,0.70,-76,-39,-20,5,12,24
0.25,0.80,-66,-30,-10,15,22,34
0.25,0.90,-56,-20,-0,25,32,44
0.25,1.00,-47,-10,9,34,42,54
0.25,1.10,-37,-0,19,44,51,63
0.25,1.20,-28,9,29,54,61,73
0.30,0.60,-99,-59,-38,-11,-3,10
0.30,0.70,-89,-50,-28,-1,7,20
0.30,0.80,-80,-40,-18,9,17,30
0.30,0.90,-70,-30,-9,19,26,39
0.30,1.00,-60,-20,1,28,36,49
0.30,1.10,-50,-10,11,38,46,59
0.30,1.20,-41,-1,21,48,56,69
0.35,0.60,-112,-69,-46,-17,-8,6
0.35,0.70,-102,-59,-36,-7,2,16
0.35,0.80,-92,-49,-26,3,12,26
0.35,0.90,-82,-39,-16,13,22,36
0.35,1.00,-72,-29,-6,23,31,45
0.35,1.10,-63,-20,3,33,41,55
0.35,1.20,-53,-10,13,43,51,65

=== Required n_bets for CI lower >= 0.50 ===
# 「(hit_rate, return_rate) で CI 下限 50 を出すには何 bets 要るか」
hit_rate,return_rate,required_n
0.10,0.55,71290
0.10,0.60,18022
0.10,0.70,4618
0.10,0.80,2110
0.10,0.90,1224
0.10,1.00,810
0.10,1.10,583
0.15,0.55,103294
0.15,0.60,25949
0.15,0.70,6558
0.15,0.80,2951
0.15,0.90,1684
0.15,1.00,1094
0.15,1.10,773
0.20,0.55,136073
0.20,0.60,34107
0.20,0.70,8577
0.20,0.80,3838
0.20,0.90,2175
0.20,1.00,1404
0.20,1.10,984
0.25,0.55,169161
0.25,0.60,42357
0.25,0.70,10627
0.25,0.80,4743
0.25,0.90,2680
0.25,1.00,1724
0.25,1.10,1204
0.30,0.55,202404
0.30,0.60,50653
0.30,0.70,12693
0.30,0.80,5656
0.30,0.90,3191
0.30,1.00,2050
0.30,1.10,1429
0.35,0.55,235736
0.35,0.60,58975
0.35,0.70,14767
0.35,0.80,6575
0.35,0.90,3706
0.35,1.00,2378
0.35,1.10,1656

=== Current strategy mapping (filter_sweep recent_3fold_ci.csv) ===
# 観察された (hit_rate, return_rate, n_bets) → 理論 CI 下限 vs 観察 CI 下限
# 大きく乖離していれば、normal approx の前提 (payout 分布が一様) が崩れている

strategy,fold,hit_rate,return_rate,bets,observed_lo,theoretical_lo,gap_pp
dm_rank_1_3,2025H1,18.6,82.8,377,55.1,-9.8,+64.9
dm_rank_1_3,2025H2,17.7,75.2,451,54.3,-7.3,+61.6
dm_rank_1_3,2026P,16.1,76.5,372,53.4,-10.5,+63.9
tm_rank_1_3,2025H1,23.0,88.3,382,67.3,-13.5,+80.8
tm_rank_1_3,2025H2,19.7,74.1,437,57.8,-14.0,+71.8
tm_rank_1_3,2026P,17.2,68.2,355,51.0,-23.3,+74.3
all,2025H1,7.9,74.9,1740,49.6,44.8,+4.8
all,2025H2,8.6,91.0,1728,59.8,58.9,+0.9
all,2026P,7.5,52.1,1380,37.2,20.4,+16.8
ev_ge_105,2025H1,9.1,73.1,845,47.6,27.8,+19.8
ev_ge_105,2025H2,8.7,75.0,835,45.6,30.1,+15.5
ev_ge_105,2026P,6.5,58.9,674,32.9,15.3,+17.6
s6_kelly_05_mp40,2025H1,9.7,70.7,719,44.3,20.6,+23.7
s6_kelly_05_mp40,2025H2,8.6,70.7,683,41.9,21.6,+20.3
s6_kelly_05_mp40,2026P,6.5,41.5,509,25.6,-6.8,+32.4
kelly_ge_05,2025H1,9.6,69.5,731,42.8,20.1,+22.7
kelly_ge_05,2025H2,8.5,69.1,702,43.4,21.0,+22.4
kelly_ge_05,2026P,6.5,40.5,525,24.7,-6.9,+31.6
